1712974181.087343 client started (38231): version 3.4, socket /private/tmp/tmux-502/default, protocol 8
1712974181.087459 on Darwin 23.4.0 Darwin Kernel Version 23.4.0: Wed Feb 21 21:44:31 PST 2024; root:xnu-10063.101.15~2/RELEASE_X86_64
1712974181.087509 using libevent 2.1.12-stable select
1712974181.087551 using utf8proc 2.9.0
1712974181.087588 using ncurses 6.4 20221231
1712974181.087654 flags are 0x10010000
1712974181.087688 socket is /private/tmp/tmux-502/default
1712974181.087723 trying connect
1712974181.087979 add peer 0x7fa3e0018000: 6 (0x0)
1712974181.115520 sending message 100 to peer 0x7fa3e0018000 (4 bytes)
1712974181.115574 sending message 111 to peer 0x7fa3e0018000 (8 bytes)
1712974181.115607 sending message 101 to peer 0x7fa3e0018000 (10 bytes)
1712974181.115636 sending message 109 to peer 0x7fa3e0018000 (4 bytes)
1712974181.115662 sending message 102 to peer 0x7fa3e0018000 (13 bytes)
1712974181.115689 sending message 108 to peer 0x7fa3e0018000 (28 bytes)
1712974181.115719 sending message 112 to peer 0x7fa3e0018000 (58 bytes)
1712974181.115748 sending message 112 to peer 0x7fa3e0018000 (5 bytes)
1712974181.115775 sending message 112 to peer 0x7fa3e0018000 (5 bytes)
1712974181.115794 sending message 112 to peer 0x7fa3e0018000 (6 bytes)
1712974181.115811 sending message 112 to peer 0x7fa3e0018000 (6 bytes)
1712974181.115827 sending message 112 to peer 0x7fa3e0018000 (10 bytes)
1712974181.115844 sending message 112 to peer 0x7fa3e0018000 (13 bytes)
1712974181.115861 sending message 112 to peer 0x7fa3e0018000 (14 bytes)
1712974181.115878 sending message 112 to peer 0x7fa3e0018000 (19 bytes)
1712974181.115894 sending message 112 to peer 0x7fa3e0018000 (11 bytes)
1712974181.115911 sending message 112 to peer 0x7fa3e0018000 (10 bytes)
1712974181.115936 sending message 112 to peer 0x7fa3e0018000 (15 bytes)
1712974181.115965 sending message 112 to peer 0x7fa3e0018000 (21 bytes)
1712974181.115993 sending message 112 to peer 0x7fa3e0018000 (13 bytes)
1712974181.116015 sending message 112 to peer 0x7fa3e0018000 (7 bytes)
1712974181.116033 sending message 112 to peer 0x7fa3e0018000 (13 bytes)
1712974181.116050 sending message 112 to peer 0x7fa3e0018000 (7 bytes)
1712974181.116067 sending message 112 to peer 0x7fa3e0018000 (13 bytes)
1712974181.116084 sending message 112 to peer 0x7fa3e0018000 (9 bytes)
1712974181.116106 sending message 112 to peer 0x7fa3e0018000 (21 bytes)
1712974181.116131 sending message 112 to peer 0x7fa3e0018000 (13 bytes)
1712974181.116159 sending message 112 to peer 0x7fa3e0018000 (9 bytes)
1712974181.116188 sending message 112 to peer 0x7fa3e0018000 (16 bytes)
1712974181.116217 sending message 112 to peer 0x7fa3e0018000 (13 bytes)
1712974181.116247 sending message 112 to peer 0x7fa3e0018000 (9 bytes)
1712974181.116275 sending message 112 to peer 0x7fa3e0018000 (9 bytes)
1712974181.116305 sending message 112 to peer 0x7fa3e0018000 (12 bytes)
1712974181.116331 sending message 112 to peer 0x7fa3e0018000 (8 bytes)
1712974181.116361 sending message 112 to peer 0x7fa3e0018000 (8 bytes)
1712974181.116383 sending message 112 to peer 0x7fa3e0018000 (13 bytes)
1712974181.116403 sending message 112 to peer 0x7fa3e0018000 (7 bytes)
1712974181.116433 sending message 112 to peer 0x7fa3e0018000 (7 bytes)
1712974181.116468 sending message 112 to peer 0x7fa3e0018000 (9 bytes)
1712974181.116496 sending message 112 to peer 0x7fa3e0018000 (6 bytes)
1712974181.116523 sending message 112 to peer 0x7fa3e0018000 (9 bytes)
1712974181.116552 sending message 112 to peer 0x7fa3e0018000 (15 bytes)
1712974181.116581 sending message 112 to peer 0x7fa3e0018000 (13 bytes)
1712974181.116609 sending message 112 to peer 0x7fa3e0018000 (12 bytes)
1712974181.116629 sending message 112 to peer 0x7fa3e0018000 (8 bytes)
1712974181.116646 sending message 112 to peer 0x7fa3e0018000 (14 bytes)
1712974181.116664 sending message 112 to peer 0x7fa3e0018000 (11 bytes)
1712974181.116683 sending message 112 to peer 0x7fa3e0018000 (9 bytes)
1712974181.116700 sending message 112 to peer 0x7fa3e0018000 (10 bytes)
1712974181.116717 sending message 112 to peer 0x7fa3e0018000 (10 bytes)
1712974181.116753 sending message 112 to peer 0x7fa3e0018000 (10 bytes)
1712974181.116768 sending message 112 to peer 0x7fa3e0018000 (10 bytes)
1712974181.116781 sending message 112 to peer 0x7fa3e0018000 (11 bytes)
1712974181.116794 sending message 112 to peer 0x7fa3e0018000 (12 bytes)
1712974181.116807 sending message 112 to peer 0x7fa3e0018000 (12 bytes)
1712974181.116821 sending message 112 to peer 0x7fa3e0018000 (12 bytes)
1712974181.116834 sending message 112 to peer 0x7fa3e0018000 (12 bytes)
1712974181.116848 sending message 112 to peer 0x7fa3e0018000 (12 bytes)
1712974181.116861 sending message 112 to peer 0x7fa3e0018000 (11 bytes)
1712974181.116874 sending message 112 to peer 0x7fa3e0018000 (11 bytes)
1712974181.116887 sending message 112 to peer 0x7fa3e0018000 (12 bytes)
1712974181.116901 sending message 112 to peer 0x7fa3e0018000 (12 bytes)
1712974181.116916 sending message 112 to peer 0x7fa3e0018000 (12 bytes)
1712974181.116930 sending message 112 to peer 0x7fa3e0018000 (12 bytes)
1712974181.116949 sending message 112 to peer 0x7fa3e0018000 (12 bytes)
1712974181.116965 sending message 112 to peer 0x7fa3e0018000 (9 bytes)
1712974181.116979 sending message 112 to peer 0x7fa3e0018000 (12 bytes)
1712974181.116992 sending message 112 to peer 0x7fa3e0018000 (13 bytes)
1712974181.117006 sending message 112 to peer 0x7fa3e0018000 (13 bytes)
1712974181.117019 sending message 112 to peer 0x7fa3e0018000 (13 bytes)
1712974181.117033 sending message 112 to peer 0x7fa3e0018000 (13 bytes)
1712974181.117046 sending message 112 to peer 0x7fa3e0018000 (13 bytes)
1712974181.117061 sending message 112 to peer 0x7fa3e0018000 (8 bytes)
1712974181.117074 sending message 112 to peer 0x7fa3e0018000 (11 bytes)
1712974181.117087 sending message 112 to peer 0x7fa3e0018000 (11 bytes)
1712974181.117100 sending message 112 to peer 0x7fa3e0018000 (11 bytes)
1712974181.117114 sending message 112 to peer 0x7fa3e0018000 (12 bytes)
1712974181.117128 sending message 112 to peer 0x7fa3e0018000 (12 bytes)
1712974181.117142 sending message 112 to peer 0x7fa3e0018000 (12 bytes)
1712974181.117159 sending message 112 to peer 0x7fa3e0018000 (12 bytes)
1712974181.117177 sending message 112 to peer 0x7fa3e0018000 (13 bytes)
1712974181.117191 sending message 112 to peer 0x7fa3e0018000 (13 bytes)
1712974181.117206 sending message 112 to peer 0x7fa3e0018000 (13 bytes)
1712974181.117225 sending message 112 to peer 0x7fa3e0018000 (8 bytes)
1712974181.117244 sending message 112 to peer 0x7fa3e0018000 (13 bytes)
1712974181.117264 sending message 112 to peer 0x7fa3e0018000 (13 bytes)
1712974181.117279 sending message 112 to peer 0x7fa3e0018000 (13 bytes)
1712974181.117293 sending message 112 to peer 0x7fa3e0018000 (13 bytes)
1712974181.117309 sending message 112 to peer 0x7fa3e0018000 (13 bytes)
1712974181.117324 sending message 112 to peer 0x7fa3e0018000 (12 bytes)
1712974181.117338 sending message 112 to peer 0x7fa3e0018000 (12 bytes)
1712974181.117352 sending message 112 to peer 0x7fa3e0018000 (12 bytes)
1712974181.117366 sending message 112 to peer 0x7fa3e0018000 (12 bytes)
1712974181.117380 sending message 112 to peer 0x7fa3e0018000 (13 bytes)
1712974181.117394 sending message 112 to peer 0x7fa3e0018000 (8 bytes)
1712974181.117408 sending message 112 to peer 0x7fa3e0018000 (13 bytes)
1712974181.117429 sending message 112 to peer 0x7fa3e0018000 (13 bytes)
1712974181.117448 sending message 112 to peer 0x7fa3e0018000 (13 bytes)
1712974181.117462 sending message 112 to peer 0x7fa3e0018000 (13 bytes)
1712974181.117475 sending message 112 to peer 0x7fa3e0018000 (13 bytes)
1712974181.117491 sending message 112 to peer 0x7fa3e0018000 (13 bytes)
1712974181.117513 sending message 112 to peer 0x7fa3e0018000 (13 bytes)
1712974181.117540 sending message 112 to peer 0x7fa3e0018000 (12 bytes)
1712974181.117566 sending message 112 to peer 0x7fa3e0018000 (12 bytes)
1712974181.117582 sending message 112 to peer 0x7fa3e0018000 (12 bytes)
1712974181.117610 sending message 112 to peer 0x7fa3e0018000 (8 bytes)
1712974181.117630 sending message 112 to peer 0x7fa3e0018000 (12 bytes)
1712974181.117660 sending message 112 to peer 0x7fa3e0018000 (13 bytes)
1712974181.117675 sending message 112 to peer 0x7fa3e0018000 (13 bytes)
1712974181.117690 sending message 112 to peer 0x7fa3e0018000 (13 bytes)
1712974181.117710 sending message 112 to peer 0x7fa3e0018000 (13 bytes)
1712974181.117734 sending message 112 to peer 0x7fa3e0018000 (13 bytes)
1712974181.117750 sending message 112 to peer 0x7fa3e0018000 (13 bytes)
1712974181.117765 sending message 112 to peer 0x7fa3e0018000 (13 bytes)
1712974181.117780 sending message 112 to peer 0x7fa3e0018000 (13 bytes)
1712974181.117801 sending message 112 to peer 0x7fa3e0018000 (12 bytes)
1712974181.117824 sending message 112 to peer 0x7fa3e0018000 (10 bytes)
1712974181.117846 sending message 112 to peer 0x7fa3e0018000 (12 bytes)
1712974181.117861 sending message 112 to peer 0x7fa3e0018000 (12 bytes)
1712974181.117875 sending message 112 to peer 0x7fa3e0018000 (12 bytes)
1712974181.117888 sending message 112 to peer 0x7fa3e0018000 (13 bytes)
1712974181.117902 sending message 112 to peer 0x7fa3e0018000 (13 bytes)
1712974181.117915 sending message 112 to peer 0x7fa3e0018000 (13 bytes)
1712974181.117928 sending message 112 to peer 0x7fa3e0018000 (13 bytes)
1712974181.117941 sending message 112 to peer 0x7fa3e0018000 (13 bytes)
1712974181.117954 sending message 112 to peer 0x7fa3e0018000 (13 bytes)
1712974181.117967 sending message 112 to peer 0x7fa3e0018000 (13 bytes)
1712974181.117979 sending message 112 to peer 0x7fa3e0018000 (10 bytes)
1712974181.117997 sending message 112 to peer 0x7fa3e0018000 (13 bytes)
1712974181.118011 sending message 112 to peer 0x7fa3e0018000 (12 bytes)
1712974181.118024 sending message 112 to peer 0x7fa3e0018000 (12 bytes)
1712974181.118037 sending message 112 to peer 0x7fa3e0018000 (12 bytes)
1712974181.118050 sending message 112 to peer 0x7fa3e0018000 (10 bytes)
1712974181.118065 sending message 112 to peer 0x7fa3e0018000 (10 bytes)
1712974181.118088 sending message 112 to peer 0x7fa3e0018000 (10 bytes)
1712974181.118102 sending message 112 to peer 0x7fa3e0018000 (12 bytes)
1712974181.118117 sending message 112 to peer 0x7fa3e0018000 (13 bytes)
1712974181.118131 sending message 112 to peer 0x7fa3e0018000 (13 bytes)
1712974181.118147 sending message 112 to peer 0x7fa3e0018000 (13 bytes)
1712974181.118161 sending message 112 to peer 0x7fa3e0018000 (13 bytes)
1712974181.118174 sending message 112 to peer 0x7fa3e0018000 (13 bytes)
1712974181.118186 sending message 112 to peer 0x7fa3e0018000 (10 bytes)
1712974181.118199 sending message 112 to peer 0x7fa3e0018000 (11 bytes)
1712974181.118212 sending message 112 to peer 0x7fa3e0018000 (12 bytes)
1712974181.118224 sending message 112 to peer 0x7fa3e0018000 (12 bytes)
1712974181.118237 sending message 112 to peer 0x7fa3e0018000 (12 bytes)
1712974181.118250 sending message 112 to peer 0x7fa3e0018000 (12 bytes)
1712974181.118263 sending message 112 to peer 0x7fa3e0018000 (12 bytes)
1712974181.118276 sending message 112 to peer 0x7fa3e0018000 (11 bytes)
1712974181.118289 sending message 112 to peer 0x7fa3e0018000 (12 bytes)
1712974181.118302 sending message 112 to peer 0x7fa3e0018000 (12 bytes)
1712974181.118315 sending message 112 to peer 0x7fa3e0018000 (13 bytes)
1712974181.118328 sending message 112 to peer 0x7fa3e0018000 (13 bytes)
1712974181.118342 sending message 112 to peer 0x7fa3e0018000 (13 bytes)
1712974181.118355 sending message 112 to peer 0x7fa3e0018000 (13 bytes)
1712974181.118368 sending message 112 to peer 0x7fa3e0018000 (13 bytes)
1712974181.118382 sending message 112 to peer 0x7fa3e0018000 (10 bytes)
1712974181.118395 sending message 112 to peer 0x7fa3e0018000 (9 bytes)
1712974181.118408 sending message 112 to peer 0x7fa3e0018000 (12 bytes)
1712974181.118421 sending message 112 to peer 0x7fa3e0018000 (13 bytes)
1712974181.118434 sending message 112 to peer 0x7fa3e0018000 (13 bytes)
1712974181.118448 sending message 112 to peer 0x7fa3e0018000 (13 bytes)
1712974181.118463 sending message 112 to peer 0x7fa3e0018000 (13 bytes)
1712974181.118477 sending message 112 to peer 0x7fa3e0018000 (13 bytes)
1712974181.118506 sending message 112 to peer 0x7fa3e0018000 (9 bytes)
1712974181.118521 sending message 112 to peer 0x7fa3e0018000 (12 bytes)
1712974181.118535 sending message 112 to peer 0x7fa3e0018000 (13 bytes)
1712974181.118548 sending message 112 to peer 0x7fa3e0018000 (13 bytes)
1712974181.118561 sending message 112 to peer 0x7fa3e0018000 (13 bytes)
1712974181.118579 sending message 112 to peer 0x7fa3e0018000 (13 bytes)
1712974181.118594 sending message 112 to peer 0x7fa3e0018000 (13 bytes)
1712974181.118609 sending message 112 to peer 0x7fa3e0018000 (11 bytes)
1712974181.118625 sending message 112 to peer 0x7fa3e0018000 (12 bytes)
1712974181.118647 sending message 112 to peer 0x7fa3e0018000 (13 bytes)
1712974181.118671 sending message 112 to peer 0x7fa3e0018000 (13 bytes)
1712974181.118695 sending message 112 to peer 0x7fa3e0018000 (13 bytes)
1712974181.118718 sending message 112 to peer 0x7fa3e0018000 (13 bytes)
1712974181.118741 sending message 112 to peer 0x7fa3e0018000 (13 bytes)
1712974181.118765 sending message 112 to peer 0x7fa3e0018000 (11 bytes)
1712974181.118788 sending message 112 to peer 0x7fa3e0018000 (12 bytes)
1712974181.118811 sending message 112 to peer 0x7fa3e0018000 (12 bytes)
1712974181.118836 sending message 112 to peer 0x7fa3e0018000 (12 bytes)
1712974181.118861 sending message 112 to peer 0x7fa3e0018000 (12 bytes)
1712974181.118886 sending message 112 to peer 0x7fa3e0018000 (12 bytes)
1712974181.118910 sending message 112 to peer 0x7fa3e0018000 (21 bytes)
1712974181.118934 sending message 112 to peer 0x7fa3e0018000 (12 bytes)
1712974181.118958 sending message 112 to peer 0x7fa3e0018000 (9 bytes)
1712974181.118981 sending message 112 to peer 0x7fa3e0018000 (6 bytes)
1712974181.119009 sending message 112 to peer 0x7fa3e0018000 (13 bytes)
1712974181.119032 sending message 112 to peer 0x7fa3e0018000 (10 bytes)
1712974181.119048 sending message 112 to peer 0x7fa3e0018000 (24 bytes)
1712974181.119062 sending message 112 to peer 0x7fa3e0018000 (13 bytes)
1712974181.119081 sending message 112 to peer 0x7fa3e0018000 (9 bytes)
1712974181.119098 sending message 112 to peer 0x7fa3e0018000 (70 bytes)
1712974181.119121 sending message 112 to peer 0x7fa3e0018000 (69 bytes)
1712974181.119143 sending message 112 to peer 0x7fa3e0018000 (12 bytes)
1712974181.119158 sending message 112 to peer 0x7fa3e0018000 (10 bytes)
1712974181.119173 sending message 112 to peer 0x7fa3e0018000 (10 bytes)
1712974181.119187 sending message 112 to peer 0x7fa3e0018000 (24 bytes)
1712974181.119200 sending message 112 to peer 0x7fa3e0018000 (13 bytes)
1712974181.119214 sending message 112 to peer 0x7fa3e0018000 (10 bytes)
1712974181.119233 sending message 112 to peer 0x7fa3e0018000 (10 bytes)
1712974181.119248 sending message 112 to peer 0x7fa3e0018000 (17 bytes)
1712974181.119270 sending message 112 to peer 0x7fa3e0018000 (10 bytes)
1712974181.119291 sending message 112 to peer 0x7fa3e0018000 (13 bytes)
1712974181.119305 sending message 112 to peer 0x7fa3e0018000 (17 bytes)
1712974181.119318 sending message 112 to peer 0x7fa3e0018000 (9 bytes)
1712974181.119332 sending message 112 to peer 0x7fa3e0018000 (15 bytes)
1712974181.119346 sending message 112 to peer 0x7fa3e0018000 (5 bytes)
1712974181.119367 sending message 104 to peer 0x7fa3e0018000 (0 bytes)
1712974181.119383 sending message 110 to peer 0x7fa3e0018000 (0 bytes)
1712974181.119396 sending message 107 to peer 0x7fa3e0018000 (4 bytes)
1712974181.119413 sending message 105 to peer 0x7fa3e0018000 (83 bytes)
1712974181.119427 sending message 105 to peer 0x7fa3e0018000 (87 bytes)
1712974181.119440 sending message 105 to peer 0x7fa3e0018000 (36 bytes)
1712974181.119453 sending message 105 to peer 0x7fa3e0018000 (32 bytes)
1712974181.119467 sending message 105 to peer 0x7fa3e0018000 (20 bytes)
1712974181.119481 sending message 105 to peer 0x7fa3e0018000 (22 bytes)
1712974181.119496 sending message 105 to peer 0x7fa3e0018000 (12 bytes)
1712974181.119509 sending message 105 to peer 0x7fa3e0018000 (20 bytes)
1712974181.119522 sending message 105 to peer 0x7fa3e0018000 (34 bytes)
1712974181.119555 sending message 105 to peer 0x7fa3e0018000 (27 bytes)
1712974181.119570 sending message 105 to peer 0x7fa3e0018000 (40 bytes)
1712974181.119583 sending message 105 to peer 0x7fa3e0018000 (54 bytes)
1712974181.119596 sending message 105 to peer 0x7fa3e0018000 (13 bytes)
1712974181.119609 sending message 105 to peer 0x7fa3e0018000 (16 bytes)
1712974181.119622 sending message 105 to peer 0x7fa3e0018000 (173 bytes)
1712974181.119635 sending message 105 to peer 0x7fa3e0018000 (31 bytes)
1712974181.119649 sending message 105 to peer 0x7fa3e0018000 (55 bytes)
1712974181.119662 sending message 105 to peer 0x7fa3e0018000 (16 bytes)
1712974181.119676 sending message 105 to peer 0x7fa3e0018000 (28 bytes)
1712974181.119689 sending message 105 to peer 0x7fa3e0018000 (64 bytes)
1712974181.119702 sending message 105 to peer 0x7fa3e0018000 (26 bytes)
1712974181.119716 sending message 105 to peer 0x7fa3e0018000 (1179 bytes)
1712974181.119731 sending message 105 to peer 0x7fa3e0018000 (32 bytes)
1712974181.119747 sending message 105 to peer 0x7fa3e0018000 (60 bytes)
1712974181.119765 sending message 105 to peer 0x7fa3e0018000 (15 bytes)
1712974181.119779 sending message 105 to peer 0x7fa3e0018000 (8 bytes)
1712974181.119794 sending message 105 to peer 0x7fa3e0018000 (63 bytes)
1712974181.119814 sending message 105 to peer 0x7fa3e0018000 (25 bytes)
1712974181.119836 sending message 105 to peer 0x7fa3e0018000 (66 bytes)
1712974181.119850 sending message 105 to peer 0x7fa3e0018000 (23 bytes)
1712974181.119865 sending message 105 to peer 0x7fa3e0018000 (15 bytes)
1712974181.119879 sending message 105 to peer 0x7fa3e0018000 (18 bytes)
1712974181.119892 sending message 105 to peer 0x7fa3e0018000 (26 bytes)
1712974181.119907 sending message 105 to peer 0x7fa3e0018000 (57 bytes)
1712974181.119928 sending message 105 to peer 0x7fa3e0018000 (43 bytes)
1712974181.119948 sending message 105 to peer 0x7fa3e0018000 (14 bytes)
1712974181.119962 sending message 105 to peer 0x7fa3e0018000 (13 bytes)
1712974181.119977 sending message 105 to peer 0x7fa3e0018000 (25 bytes)
1712974181.119991 sending message 105 to peer 0x7fa3e0018000 (14 bytes)
1712974181.120005 sending message 105 to peer 0x7fa3e0018000 (19 bytes)
1712974181.120023 sending message 105 to peer 0x7fa3e0018000 (35 bytes)
1712974181.120038 sending message 105 to peer 0x7fa3e0018000 (32 bytes)
1712974181.120052 sending message 105 to peer 0x7fa3e0018000 (115 bytes)
1712974181.120066 sending message 105 to peer 0x7fa3e0018000 (70 bytes)
1712974181.120080 sending message 105 to peer 0x7fa3e0018000 (19 bytes)
1712974181.120093 sending message 105 to peer 0x7fa3e0018000 (22 bytes)
1712974181.120107 sending message 106 to peer 0x7fa3e0018000 (0 bytes)
1712974181.120262 sending message 200 to peer 0x7fa3e0018000 (4 bytes)
1712974181.120292 client loop enter
1712974181.120702 peer 0x7fa3e0018000 message 303
1712974181.120744 open write file 2 -
1712974181.120806 sending message 305 to peer 0x7fa3e0018000 (8 bytes)
1712974181.120850 write check file 2
1712974181.120932 peer 0x7fa3e0018000 message 304
1712974181.120964 write 58 to file 2
1712974181.120991 peer 0x7fa3e0018000 message 203
1712974181.121005 file 2 58 bytes left
1712974181.121037 write check file 2
1712974181.121051 client loop exit
